[11:41:54] [main/WARN]: Ambiguity between arguments [teleport, destination] and [teleport, targets] with inputs: [Player, 0123, @e, dd12be42-52a9-4a91-a8a1-11c01849e498]
[11:41:54] [main/WARN]: Ambiguity between arguments [teleport, location] and [teleport, destination] with inputs: [0.1 -0.5 .9, 0 0 0]
[11:41:54] [main/WARN]: Ambiguity between arguments [teleport, location] and [teleport, targets] with inputs: [0.1 -0.5 .9, 0 0 0]
[11:41:54] [main/WARN]: Ambiguity between arguments [teleport, targets] and [teleport, destination] with inputs: [Player, 0123, dd12be42-52a9-4a91-a8a1-11c01849e498]
[11:41:54] [main/WARN]: Ambiguity between arguments [teleport, targets, location] and [teleport, targets, destination] with inputs: [0.1 -0.5 .9, 0 0 0]
[11:41:54] [Server thread/INFO]: Starting minecraft server version 1.15.2
[11:41:54] [Server thread/INFO]: Loading properties
[11:41:54] [Server thread/INFO]: Default game type: SURVIVAL
[11:41:54] [Server thread/INFO]: Generating keypair
[11:41:55] [Server thread/INFO]: Starting Minecraft server on *:25565
[11:41:55] [Server thread/INFO]: Using default channel type
[11:41:58] [Server thread/WARN]: **** SERVER IS RUNNING IN OFFLINE/INSECURE MODE!
[11:41:58] [Server thread/WARN]: The server will make no attempt to authenticate usernames. Beware.
[11:41:58] [Server thread/WARN]: While this makes the game possible to play without internet access, it also opens up the ability for hackers to connect with any username they choose.
[11:41:58] [Server thread/WARN]: To change this, set "online-mode" to "true" in the server.properties file.
[11:41:58] [Server thread/INFO]: Preparing level "New World"
[11:42:00] [Server thread/WARN]: Couldn't get pack info for: yg: 'pack.mcmeta' in ResourcePack '.\New World\datapacks\armor_stand_editor-master.zip'
[11:42:00] [Server thread/INFO]: Reloading ResourceManager: Default
[11:42:23] [Server thread/INFO]: Loaded 6 recipes
[11:42:23] [Server thread/INFO]: Loaded 825 advancements
[11:42:23] [Server thread/INFO]: Preparing start region for dimension minecraft:overworld
[11:42:29] [Server thread/INFO]: Preparing spawn area: 0%
[11:42:29] [Server thread/INFO]: Preparing spawn area: 0%
[11:42:29] [Server thread/INFO]: Preparing spawn area: 0%
[11:42:29] [Server thread/INFO]: Preparing spawn area: 0%
[11:42:29] [Server thread/INFO]: Preparing spawn area: 0%
[11:42:29] [Server thread/INFO]: Preparing spawn area: 0%
[11:42:29] [Server thread/INFO]: Preparing spawn area: 0%
[11:42:29] [Server thread/INFO]: Preparing spawn area: 0%
[11:42:29] [Server thread/INFO]: Preparing spawn area: 0%
[11:42:29] [Server thread/INFO]: Preparing spawn area: 0%
[11:42:29] [Server thread/INFO]: Preparing spawn area: 0%
[11:42:29] [Server thread/INFO]: Preparing spawn area: 0%
[11:42:30] [Server thread/INFO]: Preparing spawn area: 0%
[11:42:30] [Server thread/INFO]: Preparing spawn area: 0%
[11:42:30] [Server thread/INFO]: Time elapsed: 7004 ms
[11:42:30] [Server thread/INFO]: Done (31.901s)! For help, type "help"
[11:42:31] [Server thread/INFO]: com.mojang.authlib.GameProfile@51f8cf[id=<null>,name=armansoor,properties={},legacy=false] (/0:0:0:0:0:0:0:1:51362) lost connection: Disconnected
[11:42:39] [Server thread/INFO]: Sameer10_Retro[/192.168.1.121:51363] logged in with entity id 89 at (-1130.2332790331084, 73.0, -1863.1416921217606)
[11:42:39] [Server thread/INFO]: Sameer10_Retro joined the game
[11:42:41] [Server thread/WARN]: Can't keep up! Is the server overloaded? Running 2088ms or 41 ticks behind
[11:42:54] [Server thread/INFO]: rayyan[/0:0:0:0:0:0:0:1:51366] logged in with entity id 190 at (-1156.2924949782234, 49.7125, -1980.5)
[11:42:54] [Server thread/INFO]: rayyan joined the game
[11:42:55] [Server thread/INFO]: armansoor[/0:0:0:0:0:0:0:1:51369] logged in with entity id 575 at (-1498.1580468073507, 55.7125, -1917.5)
[11:42:55] [Server thread/INFO]: armansoor joined the game
[11:42:57] [Server thread/INFO]: [Sameer10_Retro: Teleported 3 entities to Sameer10_Retro]
[11:42:57] [Server thread/WARN]: rayyan moved too quickly! -18.759356517185324,-24.36590000152588,-115.22461792449985
[11:43:05] [Server thread/WARN]: Can't keep up! Is the server overloaded? Running 8360ms or 167 ticks behind
[11:43:38] [Server thread/WARN]: Can't keep up! Is the server overloaded? Running 18511ms or 370 ticks behind
[11:44:03] [Server thread/WARN]: Can't keep up! Is the server overloaded? Running 9869ms or 197 ticks behind
[11:44:25] [Server thread/WARN]: Can't keep up! Is the server overloaded? Running 6669ms or 133 ticks behind
[11:44:47] [Server thread/WARN]: Can't keep up! Is the server overloaded? Running 6998ms or 139 ticks behind
[11:45:04] [Server thread/WARN]: Can't keep up! Is the server overloaded? Running 2842ms or 56 ticks behind
[11:45:35] [Server thread/WARN]: armansoor moved too quickly! 9.011536408824895,-4.573761405699003,1.8847915095861936
[11:45:54] [Server thread/INFO]: rayyan lost connection: Timed out
[11:45:54] [Server thread/INFO]: rayyan left the game
[11:45:54] [Server thread/INFO]: armansoor lost connection: Disconnected
[11:45:54] [Server thread/INFO]: armansoor left the game
[11:45:54] [Server thread/WARN]: handleDisconnection() called twice
[11:45:57] [Server thread/INFO]: [Sameer10_Retro: The difficulty has been set to Peaceful]
[11:45:58] [Server thread/INFO]: armansoor[/0:0:0:0:0:0:0:1:51380] logged in with entity id 884 at (-1123.5717083440616, 70.37106328895665, -1859.3340204378837)
[11:45:58] [Server thread/INFO]: armansoor joined the game
[11:45:59] [Server thread/INFO]: rayyan[/0:0:0:0:0:0:0:1:51383] logged in with entity id 885 at (-1121.870579223018, 65.0, -1862.9112866060157)
[11:45:59] [Server thread/INFO]: rayyan joined the game
[11:46:27] [Server thread/WARN]: Can't keep up! Is the server overloaded? Running 2108ms or 42 ticks behind
[11:46:39] [Server thread/WARN]: armansoor moved too quickly! -0.03133227723242271,6.2589818802294275,-8.61713643605458
[11:46:39] [Server thread/WARN]: rayyan moved too quickly! -6.777190662106932,0.0,-7.549617611863596
[11:46:45] [Server thread/WARN]: armansoor moved too quickly! -1.039212155648329,-0.18183657767772132,-10.095233008003333
[11:46:52] [Server thread/WARN]: rayyan moved too quickly! 0.6581309382249856,0.0,-10.034531712744638
[11:46:54] [Server thread/WARN]: armansoor moved too quickly! 1.1668216174953159,4.510107441534416,-9.216554056644327
[11:46:57] [Server thread/WARN]: rayyan moved too quickly! 6.710031108916837,4.313234835430947,-6.459402334102606
[11:46:57] [Server thread/WARN]: armansoor moved too quickly! 3.88786308337626,7.508835949048063,5.965469649477427
[11:47:01] [Server thread/WARN]: Can't keep up! Is the server overloaded? Running 19615ms or 392 ticks behind
[11:47:13] [Server thread/INFO]: [Sameer10_Retro: Teleported 3 entities to Sameer10_Retro]
[11:47:25] [Server thread/WARN]: Can't keep up! Is the server overloaded? Running 8522ms or 170 ticks behind
[11:47:32] [Server thread/WARN]: rayyan moved too quickly! 10.13052606884628,0.0,0.0328403161438473
[11:47:32] [Server thread/WARN]: armansoor moved too quickly! 9.281608772917593,-3.6100540564192585,-2.8908164355448207
[11:47:38] [Server thread/WARN]: armansoor moved too quickly! 8.95615068791642,-2.593506836803087,-3.6638066530613287
[11:47:38] [Server thread/WARN]: rayyan moved too quickly! 10.20767197322914,0.0,-1.5128626807800174
[11:47:38] [Server thread/WARN]: Sameer10_Retro moved too quickly! 10.225564443296548,0.0,-1.5616386255201178
[11:47:40] [Server thread/WARN]: rayyan moved too quickly! 9.91333911388756,0.0,-1.9492251106703407
[11:47:45] [Server thread/INFO]: [Sameer10_Retro: Teleported 3 entities to Sameer10_Retro]
[11:47:54] [Server thread/WARN]: Can't keep up! Is the server overloaded? Running 14844ms or 296 ticks behind
[11:48:13] [Server thread/WARN]: Can't keep up! Is the server overloaded? Running 3289ms or 65 ticks behind
[11:48:42] [Server thread/INFO]: [Sameer10_Retro: Set the weather to clear]
[11:49:17] [Server thread/WARN]: Can't keep up! Is the server overloaded? Running 3938ms or 78 ticks behind
[11:50:33] [Server thread/INFO]: armansoor lost connection: Timed out
[11:50:33] [Server thread/INFO]: armansoor left the game
[11:50:33] [Server thread/INFO]: rayyan lost connection: Timed out
[11:50:33] [Server thread/INFO]: rayyan left the game
[11:50:40] [Server thread/INFO]: rayyan[/0:0:0:0:0:0:0:1:51401] logged in with entity id 2163 at (-625.2917000510975, 83.0625, -1898.3066139952393)
[11:50:40] [Server thread/INFO]: rayyan joined the game
[11:50:41] [Server thread/INFO]: armansoor[/0:0:0:0:0:0:0:1:51403] logged in with entity id 2164 at (-621.4192795224161, 83.0625, -1899.3968877785119)
[11:50:41] [Server thread/INFO]: armansoor joined the game
[11:50:44] [Server thread/INFO]: armansoor lost connection: Disconnected
[11:50:44] [Server thread/INFO]: armansoor left the game
[11:50:46] [Server thread/INFO]: armansoor[/0:0:0:0:0:0:0:1:51409] logged in with entity id 2178 at (-621.4192795224161, 83.0625, -1899.3968877785119)
[11:50:46] [Server thread/INFO]: armansoor joined the game
[11:53:21] [Server thread/INFO]: [Sameer10_Retro: Set the time to 1000]
[11:53:54] [Server thread/INFO]: [Sameer10_Retro: Set the weather to clear]
[11:54:03] [Server thread/WARN]: armansoor moved too quickly! -0.7330163568212811,0.8899223393623288,9.941729696997527
[11:54:19] [Server thread/WARN]: Sameer10_Retro moved too quickly! -6.335513422863187,0.0,7.958065490888657
[11:54:19] [Server thread/WARN]: Can't keep up! Is the server overloaded? Running 2037ms or 40 ticks behind
[11:56:51] [Server thread/WARN]: Can't keep up! Is the server overloaded? Running 2014ms or 40 ticks behind
[11:57:13] [Server thread/WARN]: rayyan moved too quickly! -6.362893362882403,0.0,8.15376401383537
[11:59:24] [Server thread/WARN]: Can't keep up! Is the server overloaded? Running 2855ms or 57 ticks behind
[11:59:24] [Server thread/WARN]: armansoor moved too quickly! -9.573184202759819,0.02045088586572774,3.151900518660341
[11:59:24] [Server thread/WARN]: rayyan moved too quickly! -10.287232980338388,0.0,-1.102456403026281
[11:59:27] [Server thread/INFO]: [Sameer10_Retro: Set the time to 1000]
[11:59:33] [Server thread/INFO]: [Sameer10_Retro: Set the weather to clear]
[11:59:59] [Server thread/WARN]: armansoor moved too quickly! -8.864923011380142,-2.779989347843596,-4.021560530962915
[11:59:59] [Server thread/WARN]: rayyan moved too quickly! -10.011403810352931,0.0,-2.2296288267841646
[12:00:18] [Server thread/WARN]: rayyan moved too quickly! -10.30810002164128,0.0,-1.4954110096737168
[12:01:16] [Server thread/INFO]: [Sameer10_Retro: Teleported 3 entities to 2230.5, 70.0, -1320.5]
[12:01:16] [Server thread/WARN]: Sameer10_Retro moved too quickly! 2872.157410379808,1.0,625.1961337546404
[12:01:16] [Server thread/WARN]: Sameer10_Retro moved too quickly! 2872.157410379808,1.0,625.1961337546404
[12:01:33] [Server thread/WARN]: rayyan moved too quickly! 0.0,10.125000402331324,0.0
[12:02:37] [Server thread/WARN]: Can't keep up! Is the server overloaded? Running 2022ms or 40 ticks behind
[12:02:39] [Server thread/WARN]: rayyan moved too quickly! -10.382407708014853,0.03440264222467704,-2.2169271352172473
[12:04:29] [Server thread/WARN]: Can't keep up! Is the server overloaded? Running 2697ms or 53 ticks behind
[12:07:44] [Server thread/INFO]: [Sameer10_Retro: Set the weather to clear]
[12:09:31] [Server thread/WARN]: armansoor moved too quickly! 7.743290593841266,5.129687330049649,4.030571999479207
[12:09:31] [Server thread/WARN]: Can't keep up! Is the server overloaded? Running 2223ms or 44 ticks behind
[12:10:32] [Server thread/WARN]: armansoor moved too quickly! 5.974164895847025,0.0,8.044988287334263
[12:10:35] [Server thread/WARN]: rayyan moved too quickly! -4.303386847909678,0.0,9.283153133399992
[12:10:36] [Server thread/INFO]: [Sameer10_Retro: Set the time to 1000]
[12:10:42] [Server thread/INFO]: rayyan lost connection: Disconnected
[12:10:42] [Server thread/INFO]: rayyan left the game
[12:10:42] [Server thread/INFO]: armansoor lost connection: Disconnected
[12:10:42] [Server thread/INFO]: armansoor left the game
[12:10:48] [Server thread/INFO]: armansoor[/0:0:0:0:0:0:0:1:51494] logged in with entity id 3913 at (2266.928476385716, 74.17900136792812, -1264.3044681988179)
[12:10:48] [Server thread/INFO]: armansoor joined the game
[12:10:53] [Server thread/INFO]: rayyan[/0:0:0:0:0:0:0:1:51497] logged in with entity id 3919 at (2266.995093000658, 78.79204373943536, -1255.6043716705992)
[12:10:54] [Server thread/INFO]: rayyan joined the game
[12:10:57] [Server thread/INFO]: armansoor lost connection: Disconnected
[12:10:57] [Server thread/INFO]: armansoor left the game
[12:10:59] [Server thread/INFO]: armansoor[/0:0:0:0:0:0:0:1:51500] logged in with entity id 3925 at (2266.928476385716, 74.17900136792812, -1264.3044681988179)
[12:10:59] [Server thread/INFO]: armansoor joined the game
[12:11:05] [Server thread/INFO]: armansoor lost connection: Disconnected
[12:11:05] [Server thread/INFO]: armansoor left the game
[12:11:06] [Server thread/INFO]: armansoor[/0:0:0:0:0:0:0:1:51502] logged in with entity id 3937 at (2266.928476385716, 74.17900136792812, -1264.3044681988179)
[12:11:06] [Server thread/INFO]: armansoor joined the game
[12:11:09] [Server thread/INFO]: rayyan lost connection: Timed out
[12:11:09] [Server thread/INFO]: rayyan left the game
[12:11:22] [Server thread/INFO]: armansoor lost connection: Timed out
[12:11:22] [Server thread/INFO]: armansoor left the game
[12:11:27] [Server thread/INFO]: rayyan[/0:0:0:0:0:0:0:1:51503] logged in with entity id 3948 at (2266.995093000658, 78.79204373943536, -1255.6043716705992)
[12:11:27] [Server thread/INFO]: rayyan joined the game
[12:11:42] [Server thread/INFO]: rayyan lost connection: Timed out
[12:11:42] [Server thread/INFO]: rayyan left the game
[12:11:48] [Server thread/INFO]: armansoor[/0:0:0:0:0:0:0:1:51509] logged in with entity id 3962 at (2266.928476385716, 74.17900136792812, -1264.3044681988179)
[12:11:48] [Server thread/INFO]: armansoor joined the game
[12:11:58] [Server thread/INFO]: armansoor lost connection: Disconnected
[12:11:58] [Server thread/INFO]: armansoor left the game
[12:11:59] [Server thread/INFO]: armansoor[/0:0:0:0:0:0:0:1:51511] logged in with entity id 3963 at (2266.928476385716, 74.17900136792812, -1264.3044681988179)
[12:11:59] [Server thread/INFO]: armansoor joined the game
[12:12:02] [Server thread/INFO]: armansoor lost connection: Disconnected
[12:12:02] [Server thread/INFO]: armansoor left the game
[12:12:03] [Server thread/INFO]: armansoor[/0:0:0:0:0:0:0:1:51514] logged in with entity id 3971 at (2266.928476385716, 74.17900136792812, -1264.3044681988179)
[12:12:03] [Server thread/INFO]: armansoor joined the game
[12:12:11] [Server thread/INFO]: armansoor lost connection: Disconnected
[12:12:11] [Server thread/INFO]: armansoor left the game
[12:12:12] [Server thread/INFO]: rayyan[/0:0:0:0:0:0:0:1:51516] logged in with entity id 3992 at (2266.995093000658, 78.79204373943536, -1255.6043716705992)
[12:12:12] [Server thread/INFO]: rayyan joined the game
[12:12:14] [Server thread/INFO]: armansoor[/0:0:0:0:0:0:0:1:51518] logged in with entity id 3997 at (2266.928476385716, 74.17900136792812, -1264.3044681988179)
[12:12:14] [Server thread/INFO]: armansoor joined the game
[12:12:23] [Server thread/INFO]: [Sameer10_Retro: Teleported 3 entities to Sameer10_Retro]
[12:12:27] [Server thread/INFO]: rayyan lost connection: Timed out
[12:12:27] [Server thread/INFO]: rayyan left the game
[12:12:29] [Server thread/INFO]: armansoor lost connection: Timed out
[12:12:29] [Server thread/INFO]: armansoor left the game
[12:12:29] [Server thread/WARN]: handleDisconnection() called twice
[12:12:44] [Server thread/INFO]: rayyan[/0:0:0:0:0:0:0:1:51520] logged in with entity id 4009 at (2240.939827703894, 82.61838826323573, -1285.159011567154)
[12:12:44] [Server thread/INFO]: rayyan joined the game
[12:12:57] [Server thread/INFO]: [Sameer10_Retro: Set the weather to clear]
[12:13:10] [Server thread/INFO]: armansoor[/0:0:0:0:0:0:0:1:51525] logged in with entity id 4037 at (2240.939827703894, 82.61838826323573, -1285.159011567154)
[12:13:10] [Server thread/INFO]: armansoor joined the game
[12:17:51] [Server thread/INFO]: [Sameer10_Retro: Teleported rayyan to Sameer10_Retro]
[12:18:35] [Server thread/INFO]: [Sameer10_Retro: Teleported rayyan to Sameer10_Retro]
[12:19:33] [Server thread/WARN]: rayyan moved too quickly! 0.0,10.125000402331352,0.0
[12:19:33] [Server thread/WARN]: Can't keep up! Is the server overloaded? Running 2326ms or 46 ticks behind
[12:20:58] [Server thread/INFO]: [Sameer10_Retro: Set the weather to clear]
[12:21:09] [Server thread/INFO]: [Sameer10_Retro: Set the time to 1000]
[12:21:18] [Server thread/INFO]: [Sameer10_Retro: Set the time to 13000]
[12:21:22] [Server thread/INFO]: rayyan has made the advancement [Bring Home the Beacon]
[12:21:22] [Server thread/INFO]: Sameer10_Retro has made the advancement [Bring Home the Beacon]
[12:21:22] [Server thread/INFO]: armansoor has made the advancement [Bring Home the Beacon]
[12:24:36] [Server thread/WARN]: rayyan moved too quickly! 0.0,-10.090520457159045,0.0
[12:24:36] [Server thread/WARN]: Can't keep up! Is the server overloaded? Running 2869ms or 57 ticks behind
[12:25:11] [Server thread/INFO]: [Sameer10_Retro: Teleported Sameer10_Retro to -1076.5, 120.0, 1120.5]
[12:25:14] [Server thread/WARN]: Sameer10_Retro moved too quickly! 0.0,-10.806526110008988,0.0
[12:25:14] [Server thread/WARN]: rayyan moved too quickly! -0.3345655721127514,10.22576996192042,-0.01042088579947631
[12:25:14] [Server thread/WARN]: Can't keep up! Is the server overloaded? Running 2880ms or 57 ticks behind
[12:25:29] [Server thread/INFO]: [Sameer10_Retro: Set the time to 1000]
[12:25:33] [Server thread/WARN]: Can't keep up! Is the server overloaded? Running 2007ms or 40 ticks behind
[12:25:34] [Server thread/INFO]: [Sameer10_Retro: Teleported 3 entities to Sameer10_Retro]
[12:25:53] [Server thread/WARN]: Can't keep up! Is the server overloaded? Running 4967ms or 99 ticks behind
[12:26:16] [Server thread/INFO]: [Sameer10_Retro: Set the weather to clear]
[12:28:51] [Server thread/INFO]: [Sameer10_Retro: Teleported 3 entities to 0.5, 120.0, 0.5]
[12:28:51] [Server thread/WARN]: Sameer10_Retro moved too quickly! 1104.8510993876646,48.38143225505867,-1144.2938696993542
[12:28:51] [Server thread/WARN]: Sameer10_Retro moved too quickly! 1104.8510993876646,48.38143225505867,-1144.2938696993542
[12:28:53] [Server thread/WARN]: armansoor moved too quickly! 0.0,-10.188594643186804,0.0
[12:28:57] [Server thread/INFO]: <rayyan> mashallah awesome place
[12:29:01] [Server thread/WARN]: Can't keep up! Is the server overloaded? Running 2081ms or 41 ticks behind
[12:29:04] [Server thread/INFO]: rayyan lost connection: Disconnected
[12:29:04] [Server thread/INFO]: rayyan left the game
[12:29:12] [Server thread/INFO]: [Sameer10_Retro: Set armansoor's game mode to Survival Mode]
[12:29:29] [Server thread/INFO]: Sameer10_Retro lost connection: Disconnected
[12:29:29] [Server thread/INFO]: Sameer10_Retro left the game
[12:29:31] [Server thread/WARN]: Can't keep up! Is the server overloaded? Running 2120ms or 42 ticks behind
[12:30:00] [Server thread/INFO]: armansoor lost connection: Disconnected
[12:30:00] [Server thread/INFO]: armansoor left the game
[12:30:22] [Server thread/INFO]: Unknown command
[12:30:22] [Server thread/INFO]: stopstop<--[HERE]
[12:30:27] [Server thread/INFO]: Stopping the server
[12:30:27] [Server thread/INFO]: Stopping server
[12:30:27] [Server thread/INFO]: Saving players
[12:30:27] [Server thread/INFO]: Saving worlds
[12:30:27] [Server thread/INFO]: Saving chunks for level 'New World'/minecraft:the_end
[12:30:27] [Server thread/INFO]: ThreadedAnvilChunkStorage (DIM1): All chunks are saved
[12:30:27] [Server thread/INFO]: Saving chunks for level 'New World'/minecraft:overworld
[12:30:27] [Server thread/INFO]: ThreadedAnvilChunkStorage (New World): All chunks are saved
[12:30:27] [Server thread/INFO]: Saving chunks for level 'New World'/minecraft:the_nether
[12:30:27] [Server thread/INFO]: ThreadedAnvilChunkStorage (DIM-1): All chunks are saved
[12:30:27] [Server thread/INFO]: ThreadedAnvilChunkStorage (DIM1): All chunks are saved
[12:30:27] [Server thread/INFO]: ThreadedAnvilChunkStorage (New World): All chunks are saved
[12:30:30] [Server thread/INFO]: ThreadedAnvilChunkStorage (DIM-1): All chunks are saved
